
Showing logs for build [32mcb-kubecd-environment-pr-208-57-fbzm2-1[0m stage [32mfrom-build-pack[0m and container [32mstep-credential-initializer-tpldq[0m
{"level":"info","ts":1587718517.5065057,"logger":"fallback-logger","caller":"logging/config.go:69","msg":"Fetch GitHub commit ID from kodata failed: open /var/run/ko/refs/heads/0.8.0-ns-support: no such file or directory"}
{"level":"info","ts":1587718517.507081,"logger":"fallback-logger","caller":"creds-init/main.go:40","msg":"Credentials initialized."}

Showing logs for build [32mcb-kubecd-environment-pr-208-57-fbzm2-1[0m stage [32mfrom-build-pack[0m and container [32mstep-working-dir-initializer-wbxtz[0m
{"level":"info","ts":1587718518.4381273,"logger":"fallback-logger","caller":"logging/config.go:69","msg":"Fetch GitHub commit ID from kodata failed: open /var/run/ko/HEAD: no such file or directory"}
{"level":"info","ts":1587718518.4428346,"logger":"fallback-logger","caller":"bash/main.go:64","msg":"Successfully executed command \"sh -c mkdir -p /workspace/source\"; output "}

Showing logs for build [32mcb-kubecd-environment-pr-208-57-fbzm2-1[0m stage [32mfrom-build-pack[0m and container [32mstep-place-tools[0m

Showing logs for build [32mcb-kubecd-environment-pr-208-57-fbzm2-1[0m stage [32mfrom-build-pack[0m and container [32mstep-git-source-cb-kubecd-environment-pr-208-57-fbzm2-gmfr6[0m
{"level":"info","ts":1587718546.5317762,"logger":"fallback-logger","caller":"logging/config.go:69","msg":"Fetch GitHub commit ID from kodata failed: open /var/run/ko/refs/heads/0.8.0-ns-support: no such file or directory"}
{"level":"info","ts":1587718547.5811472,"logger":"fallback-logger","caller":"git/git.go:103","msg":"Successfully cloned https://github.com/cb-kubecd/environment-pr-208-57-boot-gke-production.git @ master in path /workspace/source"}

Showing logs for build [32mcb-kubecd-environment-pr-208-57-fbzm2-1[0m stage [32mfrom-build-pack[0m and container [32mstep-git-merge[0m
Using SHAs from PULL_REFS=master:fd3dfbecef05c13b270c1c7420d7234f91ff19a7,1:94b34c85e57751df7fd97e992593eacdb4a685ca
DEBUG: LC_ALL=C JX_LOG_LEVEL=error git fetch origin --unshallow 94b34c85e57751df7fd97e992593eacdb4a685ca: fd3dfbecef05c13b270c1c7420d7234f91ff19a7:
DEBUG: ran git fetch --unshallow origin 94b34c85e57751df7fd97e992593eacdb4a685ca: fd3dfbecef05c13b270c1c7420d7234f91ff19a7: in 
DEBUG: LC_ALL=C JX_LOG_LEVEL=error git branch
DEBUG: LC_ALL=C JX_LOG_LEVEL=error git checkout master
DEBUG: ran git checkout master in 
DEBUG: LC_ALL=C JX_LOG_LEVEL=error git reset --hard fd3dfbecef05c13b270c1c7420d7234f91ff19a7
DEBUG: ran git reset --hard fd3dfbecef05c13b270c1c7420d7234f91ff19a7 in 
DEBUG: LC_ALL=C JX_LOG_LEVEL=error git clean -fd .
DEBUG: ran clean --force -d . in 
DEBUG: LC_ALL=C JX_LOG_LEVEL=error git merge 94b34c85e57751df7fd97e992593eacdb4a685ca
DEBUG: ran git merge 94b34c85e57751df7fd97e992593eacdb4a685ca in 
DEBUG: LC_ALL=C JX_LOG_LEVEL=error git log --format=%H%x1f%an%x1f%ae%x1f%cn%x1f%ce%x1f%s%n%b%x1e fd3dfbecef05c13b270c1c7420d7234f91ff19a7..HEAD
Merged SHA 94b34c85e57751df7fd97e992593eacdb4a685ca with commit message 'chore: Promote bdd-spring-1587717591 to version 0.0.1' into base branch master

Showing logs for build [32mcb-kubecd-environment-pr-208-57-fbzm2-1[0m stage [32mfrom-build-pack[0m and container [32mstep-build-helm-build[0m
WARNING: No $CHART_REPOSITORY defined so using the default value of: http://jenkins-x-chartmuseum:8080
Adding missing Helm repo: storage.googleapis.com https://storage.googleapis.com/chartmuseum.jenkins-x.io
WARNING: No secrets found on "helm/repos" due: reading the secret "helm/repos" from vault: no secret "helm/repos" not found in vault
Read credentials for https://storage.googleapis.com/chartmuseum.jenkins-x.io from vault helm/repos
Successfully added Helm repository storage.googleapis.com.
Adding missing Helm repo: jenkins-x-chartmuseum http://jenkins-x-chartmuseum:8080
WARNING: No secrets found on "helm/repos" due: reading the secret "helm/repos" from vault: no secret "helm/repos" not found in vault
Read credentials for http://jenkins-x-chartmuseum:8080 from vault helm/repos
Successfully added Helm repository jenkins-x-chartmuseum.
WARNING: No $CHART_REPOSITORY defined so using the default value of: http://jenkins-x-chartmuseum:8080
Adding missing Helm repo: chartmuseum.jenkins-x.io http://chartmuseum.jenkins-x.io
WARNING: No secrets found on "helm/repos" due: reading the secret "helm/repos" from vault: no secret "helm/repos" not found in vault
Read credentials for http://chartmuseum.jenkins-x.io from vault helm/repos
Successfully added Helm repository chartmuseum.jenkins-x.io.
